<?xml version="1.0" encoding="UTF-8"?>
<!-- Generated by org.testng.reporters.JUnitReportReporter -->
<testsuite hostname="Monika" name="com.automation.testcases.gurukula.GurukulaBranchScenarios" tests="5" failures="0" timestamp="7 Apr 2018 19:54:33 GMT" time="202.515" errors="0">
  <testcase name="deletebranch" time="48.562" classname="com.automation.testcases.gurukula.GurukulaBranchScenarios"/>
  <testcase name="viewbranch" time="67.755" classname="com.automation.testcases.gurukula.GurukulaBranchScenarios"/>
  <testcase name="Createbranch" time="29.804" classname="com.automation.testcases.gurukula.GurukulaBranchScenarios"/>
  <testcase name="editbranch" time="22.007" classname="com.automation.testcases.gurukula.GurukulaBranchScenarios"/>
  <testcase name="Searchbranch" time="34.387" classname="com.automation.testcases.gurukula.GurukulaBranchScenarios"/>
</testsuite> <!-- com.automation.testcases.gurukula.GurukulaBranchScenarios -->
