<?xml version="1.0" encoding="UTF-8"?>
<!-- Generated by org.testng.reporters.JUnitReportReporter -->
<testsuite hostname="Aruns-Air" failures="0" tests="1" name="com.automation.testcases.assignment.ShopClothes" time="12.691" errors="0" timestamp="4 Sep 2022 18:35:34 GMT">
  <testcase classname="com.automation.testcases.assignment.ShopClothes" name="addSummerdressToCart" time="12.691"/>
</testsuite> <!-- com.automation.testcases.assignment.ShopClothes -->
