<?xml version="1.0" encoding="UTF-8"?>
<!-- Generated by org.testng.reporters.JUnitReportReporter -->
<testsuite hostname="Monika" name="com.automation.testcases.gurukula.GurkulaStaffScenarios" tests="5" failures="0" timestamp="7 Apr 2018 19:54:33 GMT" time="124.186" errors="0">
  <testcase name="deletestaff" time="19.822" classname="com.automation.testcases.gurukula.GurkulaStaffScenarios"/>
  <testcase name="Searchstaff" time="24.474" classname="com.automation.testcases.gurukula.GurkulaStaffScenarios"/>
  <testcase name="editstaff" time="30.608" classname="com.automation.testcases.gurukula.GurkulaStaffScenarios"/>
  <testcase name="viewstaff" time="27.867" classname="com.automation.testcases.gurukula.GurkulaStaffScenarios"/>
  <testcase name="CreateStaff" time="21.415" classname="com.automation.testcases.gurukula.GurkulaStaffScenarios"/>
</testsuite> <!-- com.automation.testcases.gurukula.GurkulaStaffScenarios -->
