<?xml version="1.0" encoding="UTF-8"?>
<!-- Generated by org.testng.reporters.JUnitReportReporter -->
<testsuite hostname="Monika" name="com.automation.testcases.gurukula.GurukulaBranchScenarios" tests="5" failures="0" timestamp="8 Apr 2018 08:44:54 GMT" time="161.133" errors="0">
  <testcase name="viewbranch" time="42.250" classname="com.automation.testcases.gurukula.GurukulaBranchScenarios"/>
  <testcase name="editbranch" time="35.991" classname="com.automation.testcases.gurukula.GurukulaBranchScenarios"/>
  <testcase name="Createbranch" time="35.030" classname="com.automation.testcases.gurukula.GurukulaBranchScenarios"/>
  <testcase name="deletebranch" time="25.546" classname="com.automation.testcases.gurukula.GurukulaBranchScenarios"/>
  <testcase name="Searchbranch" time="22.316" classname="com.automation.testcases.gurukula.GurukulaBranchScenarios"/>
</testsuite> <!-- com.automation.testcases.gurukula.GurukulaBranchScenarios -->
