<?xml version="1.0" encoding="UTF-8"?>
<!-- Generated by org.testng.reporters.JUnitReportReporter -->
<testsuite hostname="Aruns-Air" failures="0" tests="1" name="com.automation.testcases.assignment.ShopClothes" time="12.814" errors="0" timestamp="4 Sep 2022 18:42:35 GMT">
  <testcase classname="com.automation.testcases.assignment.ShopClothes" name="addSummerdressToCart" time="12.814"/>
</testsuite> <!-- com.automation.testcases.assignment.ShopClothes -->
