<?xml version="1.0" encoding="UTF-8"?>
<!-- Generated by org.testng.reporters.JUnitReportReporter -->
<testsuite hostname="Aruns-Air" failures="0" tests="1" name="com.automation.testcases.gurukula.GurkulaStaffScenarios" time="18.647" errors="0" timestamp="2 Sep 2022 21:58:11 GMT">
  <testcase classname="com.automation.testcases.gurukula.GurkulaStaffScenarios" name="addSummerdressToCart" time="18.647"/>
</testsuite> <!-- com.automation.testcases.gurukula.GurkulaStaffScenarios -->
